<?xml version="1.0" encoding="utf-8"?><testsuites name="pytest tests"><testsuite name="pytest" errors="0" failures="0" skipped="0" tests="7" time="0.095" timestamp="2026-03-15T17:23:14.867884+00:00" hostname="agent-env-5c52c71c-7edc-40da-bcec-ba0339aca4ee"><testcase classname="backend.tests.test_pipeline_api.TestCoreApiRoutes" name="test_health_endpoint" time="0.004" /><testcase classname="backend.tests.test_pipeline_api.TestCoreApiRoutes" name="test_node_catalog_endpoint" time="0.002" /><testcase classname="backend.tests.test_pipeline_api.TestGraphPipelineEndpoints" name="test_validate_graph_returns_execution_order" time="0.002" /><testcase classname="backend.tests.test_pipeline_api.TestGraphPipelineEndpoints" name="test_validate_graph_rejects_cycle" time="0.002" /><testcase classname="backend.tests.test_pipeline_api.TestGraphPipelineEndpoints" name="test_export_returns_script" time="0.002" /><testcase classname="backend.tests.test_pipeline_api.TestGraphPipelineEndpoints" name="test_run_returns_mode_and_script" time="0.002" /><testcase classname="backend.tests.test_pipeline_api.TestGraphPipelineEndpoints" name="test_run_returns_lightweight_mode_with_classical_node" time="0.002" /></testsuite></testsuites>